{"DEBUG": {"1476992510": {"duration": "0.000", "query": "SET SQL_AUTO_IS_NULL = 0", "using": "default"}}}
{"DEBUG": {"1476992510": {"duration": "0.000", "query": "SET SQL_AUTO_IS_NULL = 0", "using": "default"}}}
{"DEBUG": {"1476992510": {"duration": "0.318", "query": "SELECT `django_session`.`session_key`, `django_session`.`session_data`, `django_session`.`expire_date` FROM `django_session` WHERE (`django_session`.`session_key` = '2k15ee18oakpi8yvzlhvc6g4raij9yhc' AND `django_session`.`expire_date` > '2016-10-20 19:41:49')", "using": "default"}}}
{"DEBUG": {"1476992510": {"duration": "0.000", "query": "SELECT `auth_user`.`id`, `auth_user`.`password`, `auth_user`.`last_login`, `auth_user`.`is_superuser`, `auth_user`.`username`, `auth_user`.`first_name`, `auth_user`.`last_name`, `auth_user`.`email`, `auth_user`.`is_staff`, `auth_user`.`is_active`, `auth_user`.`date_joined` FROM `auth_user` WHERE `auth_user`.`id` = 1", "using": "default"}}}
{"DEBUG": {"1476992510": {"duration": "0.161", "query": "INSERT INTO `api_address` (`created`, `address`, `owner_id`) VALUES ('2016-10-20 19:41:49', 'Greater Kailash (GK) 2, New Delhi1', 1)", "using": "default"}}}
{"DEBUG": {"1476992510": {"duration": "0.000", "query": "SELECT `auth_user`.`id`, `auth_user`.`password`, `auth_user`.`last_login`, `auth_user`.`is_superuser`, `auth_user`.`username`, `auth_user`.`first_name`, `auth_user`.`last_name`, `auth_user`.`email`, `auth_user`.`is_staff`, `auth_user`.`is_active`, `auth_user`.`date_joined` FROM `auth_user` WHERE `auth_user`.`id` = 1", "using": "default"}}}
{"DEBUG": {"1476992555": {"duration": "0.000", "query": "SET SQL_AUTO_IS_NULL = 0", "using": "default"}}}
{"DEBUG": {"1476992555": {"duration": "0.000", "query": "SET SQL_AUTO_IS_NULL = 0", "using": "default"}}}
{"DEBUG": {"1476992555": {"duration": "0.027", "query": "SELECT `django_session`.`session_key`, `django_session`.`session_data`, `django_session`.`expire_date` FROM `django_session` WHERE (`django_session`.`session_key` = '2k15ee18oakpi8yvzlhvc6g4raij9yhc' AND `django_session`.`expire_date` > '2016-10-20 19:42:35')", "using": "default"}}}
{"DEBUG": {"1476992555": {"duration": "0.000", "query": "SELECT `auth_user`.`id`, `auth_user`.`password`, `auth_user`.`last_login`, `auth_user`.`is_superuser`, `auth_user`.`username`, `auth_user`.`first_name`, `auth_user`.`last_name`, `auth_user`.`email`, `auth_user`.`is_staff`, `auth_user`.`is_active`, `auth_user`.`date_joined` FROM `auth_user` WHERE `auth_user`.`id` = 1", "using": "default"}}}
{"DEBUG": {"1476992555": {"duration": "0.007", "query": "INSERT INTO `api_address` (`created`, `address`, `owner_id`) VALUES ('2016-10-20 19:42:35', 'Greater Kailash (GK) 2, New Delhi1', 1)", "using": "default"}}}
{"DEBUG": {"1476992555": {"duration": "0.000", "query": "SELECT `auth_user`.`id`, `auth_user`.`password`, `auth_user`.`last_login`, `auth_user`.`is_superuser`, `auth_user`.`username`, `auth_user`.`first_name`, `auth_user`.`last_name`, `auth_user`.`email`, `auth_user`.`is_staff`, `auth_user`.`is_active`, `auth_user`.`date_joined` FROM `auth_user` WHERE `auth_user`.`id` = 1", "using": "default"}}}
{"DEBUG": {"1476992639": {"duration": "0.000", "query": "SET SQL_AUTO_IS_NULL = 0", "using": "default"}}}
{"DEBUG": {"1476992639": {"duration": "0.000", "query": "SET SQL_AUTO_IS_NULL = 0", "using": "default"}}}
{"DEBUG": {"1476992639": {"duration": "0.015", "query": "SELECT `django_session`.`session_key`, `django_session`.`session_data`, `django_session`.`expire_date` FROM `django_session` WHERE (`django_session`.`session_key` = '2k15ee18oakpi8yvzlhvc6g4raij9yhc' AND `django_session`.`expire_date` > '2016-10-20 19:43:58')", "using": "default"}}}
{"DEBUG": {"1476992639": {"duration": "0.000", "query": "SELECT `auth_user`.`id`, `auth_user`.`password`, `auth_user`.`last_login`, `auth_user`.`is_superuser`, `auth_user`.`username`, `auth_user`.`first_name`, `auth_user`.`last_name`, `auth_user`.`email`, `auth_user`.`is_staff`, `auth_user`.`is_active`, `auth_user`.`date_joined` FROM `auth_user` WHERE `auth_user`.`id` = 1", "using": "default"}}}
{"DEBUG": {"1476992639": {"duration": "0.008", "query": "INSERT INTO `api_address` (`created`, `address`, `owner_id`) VALUES ('2016-10-20 19:43:58', 'Greater Kailash (GK) 2, New Delhi1', 1)", "using": "default"}}}
{"DEBUG": {"1476992639": {"duration": "0.000", "query": "SELECT `auth_user`.`id`, `auth_user`.`password`, `auth_user`.`last_login`, `auth_user`.`is_superuser`, `auth_user`.`username`, `auth_user`.`first_name`, `auth_user`.`last_name`, `auth_user`.`email`, `auth_user`.`is_staff`, `auth_user`.`is_active`, `auth_user`.`date_joined` FROM `auth_user` WHERE `auth_user`.`id` = 1", "using": "default"}}}
{"DEBUG": {"1476992694": {"duration": "0.000", "query": "SET SQL_AUTO_IS_NULL = 0", "using": "default"}}}
{"DEBUG": {"1476992694": {"duration": "0.000", "query": "SET SQL_AUTO_IS_NULL = 0", "using": "default"}}}
{"DEBUG": {"1476992694": {"duration": "0.050", "query": "SELECT `django_session`.`session_key`, `django_session`.`session_data`, `django_session`.`expire_date` FROM `django_session` WHERE (`django_session`.`session_key` = '2k15ee18oakpi8yvzlhvc6g4raij9yhc' AND `django_session`.`expire_date` > '2016-10-20 19:44:54')", "using": "default"}}}
{"DEBUG": {"1476992694": {"duration": "0.000", "query": "SELECT `auth_user`.`id`, `auth_user`.`password`, `auth_user`.`last_login`, `auth_user`.`is_superuser`, `auth_user`.`username`, `auth_user`.`first_name`, `auth_user`.`last_name`, `auth_user`.`email`, `auth_user`.`is_staff`, `auth_user`.`is_active`, `auth_user`.`date_joined` FROM `auth_user` WHERE `auth_user`.`id` = 1", "using": "default"}}}
{"DEBUG": {"1476992725": {"duration": "0.000", "query": "SET SQL_AUTO_IS_NULL = 0", "using": "default"}}}
{"DEBUG": {"1476992725": {"duration": "0.000", "query": "SET SQL_AUTO_IS_NULL = 0", "using": "default"}}}
{"DEBUG": {"1476992725": {"duration": "0.001", "query": "SELECT `django_session`.`session_key`, `django_session`.`session_data`, `django_session`.`expire_date` FROM `django_session` WHERE (`django_session`.`session_key` = '2k15ee18oakpi8yvzlhvc6g4raij9yhc' AND `django_session`.`expire_date` > '2016-10-20 19:45:25')", "using": "default"}}}
{"DEBUG": {"1476992725": {"duration": "0.000", "query": "SELECT `auth_user`.`id`, `auth_user`.`password`, `auth_user`.`last_login`, `auth_user`.`is_superuser`, `auth_user`.`username`, `auth_user`.`first_name`, `auth_user`.`last_name`, `auth_user`.`email`, `auth_user`.`is_staff`, `auth_user`.`is_active`, `auth_user`.`date_joined` FROM `auth_user` WHERE `auth_user`.`id` = 1", "using": "default"}}}
{"DEBUG": {"1476992725": {"duration": "0.014", "query": "INSERT INTO `api_address` (`created`, `address`, `owner_id`) VALUES ('2016-10-20 19:45:25', 'Greater Kailash (GK) 2, New Delhi1', 1)", "using": "default"}}}
{"DEBUG": {"1476992725": {"duration": "0.000", "query": "SELECT `auth_user`.`id`, `auth_user`.`password`, `auth_user`.`last_login`, `auth_user`.`is_superuser`, `auth_user`.`username`, `auth_user`.`first_name`, `auth_user`.`last_name`, `auth_user`.`email`, `auth_user`.`is_staff`, `auth_user`.`is_active`, `auth_user`.`date_joined` FROM `auth_user` WHERE `auth_user`.`id` = 1", "using": "default"}}}
{"DEBUG": {"1476992735": {"duration": "0.000", "query": "SET SQL_AUTO_IS_NULL = 0", "using": "default"}}}
{"DEBUG": {"1476992735": {"duration": "0.000", "query": "SET SQL_AUTO_IS_NULL = 0", "using": "default"}}}
{"DEBUG": {"1476992735": {"duration": "0.001", "query": "SELECT `django_session`.`session_key`, `django_session`.`session_data`, `django_session`.`expire_date` FROM `django_session` WHERE (`django_session`.`session_key` = '2k15ee18oakpi8yvzlhvc6g4raij9yhc' AND `django_session`.`expire_date` > '2016-10-20 19:45:35')", "using": "default"}}}
{"DEBUG": {"1476992735": {"duration": "0.000", "query": "SELECT `auth_user`.`id`, `auth_user`.`password`, `auth_user`.`last_login`, `auth_user`.`is_superuser`, `auth_user`.`username`, `auth_user`.`first_name`, `auth_user`.`last_name`, `auth_user`.`email`, `auth_user`.`is_staff`, `auth_user`.`is_active`, `auth_user`.`date_joined` FROM `auth_user` WHERE `auth_user`.`id` = 1", "using": "default"}}}
{"DEBUG": {"1476992735": {"duration": "0.010", "query": "INSERT INTO `api_address` (`created`, `address`, `owner_id`) VALUES ('2016-10-20 19:45:35', 'Greater Kailash (GK) 2, New Delhi1', 1)", "using": "default"}}}
{"DEBUG": {"1476992735": {"duration": "0.000", "query": "SELECT `auth_user`.`id`, `auth_user`.`password`, `auth_user`.`last_login`, `auth_user`.`is_superuser`, `auth_user`.`username`, `auth_user`.`first_name`, `auth_user`.`last_name`, `auth_user`.`email`, `auth_user`.`is_staff`, `auth_user`.`is_active`, `auth_user`.`date_joined` FROM `auth_user` WHERE `auth_user`.`id` = 1", "using": "default"}}}
{"DEBUG": {"1476992756": {"duration": "0.000", "query": "SET SQL_AUTO_IS_NULL = 0", "using": "default"}}}
{"DEBUG": {"1476992756": {"duration": "0.000", "query": "SET SQL_AUTO_IS_NULL = 0", "using": "default"}}}
{"DEBUG": {"1476992756": {"duration": "0.013", "query": "SELECT `django_session`.`session_key`, `django_session`.`session_data`, `django_session`.`expire_date` FROM `django_session` WHERE (`django_session`.`session_key` = '2k15ee18oakpi8yvzlhvc6g4raij9yhc' AND `django_session`.`expire_date` > '2016-10-20 19:45:56')", "using": "default"}}}
{"DEBUG": {"1476992756": {"duration": "0.000", "query": "SELECT `auth_user`.`id`, `auth_user`.`password`, `auth_user`.`last_login`, `auth_user`.`is_superuser`, `auth_user`.`username`, `auth_user`.`first_name`, `auth_user`.`last_name`, `auth_user`.`email`, `auth_user`.`is_staff`, `auth_user`.`is_active`, `auth_user`.`date_joined` FROM `auth_user` WHERE `auth_user`.`id` = 1", "using": "default"}}}
{"DEBUG": {"1476992790": {"duration": "0.000", "query": "SET SQL_AUTO_IS_NULL = 0", "using": "default"}}}
{"DEBUG": {"1476992790": {"duration": "0.000", "query": "SET SQL_AUTO_IS_NULL = 0", "using": "default"}}}
{"DEBUG": {"1476992790": {"duration": "0.001", "query": "SELECT `django_session`.`session_key`, `django_session`.`session_data`, `django_session`.`expire_date` FROM `django_session` WHERE (`django_session`.`session_key` = '2k15ee18oakpi8yvzlhvc6g4raij9yhc' AND `django_session`.`expire_date` > '2016-10-20 19:46:29')", "using": "default"}}}
{"DEBUG": {"1476992790": {"duration": "0.001", "query": "SELECT `auth_user`.`id`, `auth_user`.`password`, `auth_user`.`last_login`, `auth_user`.`is_superuser`, `auth_user`.`username`, `auth_user`.`first_name`, `auth_user`.`last_name`, `auth_user`.`email`, `auth_user`.`is_staff`, `auth_user`.`is_active`, `auth_user`.`date_joined` FROM `auth_user` WHERE `auth_user`.`id` = 1", "using": "default"}}}
{"DEBUG": {"1476992790": {"duration": "0.119", "query": "SELECT COUNT(*) AS `__count` FROM `api_address`", "using": "default"}}}
{"DEBUG": {"1476992790": {"duration": "0.081", "query": "SELECT `api_address`.`id`, `api_address`.`created`, `api_address`.`address`, `api_address`.`owner_id` FROM `api_address` ORDER BY `api_address`.`created` ASC LIMIT 2", "using": "default"}}}
{"DEBUG": {"1476992790": {"duration": "0.011", "query": "SELECT `auth_user`.`id`, `auth_user`.`password`, `auth_user`.`last_login`, `auth_user`.`is_superuser`, `auth_user`.`username`, `auth_user`.`first_name`, `auth_user`.`last_name`, `auth_user`.`email`, `auth_user`.`is_staff`, `auth_user`.`is_active`, `auth_user`.`date_joined` FROM `auth_user` WHERE `auth_user`.`id` = 1", "using": "default"}}}
{"DEBUG": {"1476992790": {"duration": "0.001", "query": "SELECT `auth_user`.`id`, `auth_user`.`password`, `auth_user`.`last_login`, `auth_user`.`is_superuser`, `auth_user`.`username`, `auth_user`.`first_name`, `auth_user`.`last_name`, `auth_user`.`email`, `auth_user`.`is_staff`, `auth_user`.`is_active`, `auth_user`.`date_joined` FROM `auth_user` WHERE `auth_user`.`id` = 1", "using": "default"}}}
{"DEBUG": {"1476992879": {"duration": "0.000", "query": "SET SQL_AUTO_IS_NULL = 0", "using": "default"}}}
{"DEBUG": {"1476992879": {"duration": "0.000", "query": "SET SQL_AUTO_IS_NULL = 0", "using": "default"}}}
{"DEBUG": {"1476992879": {"duration": "0.134", "query": "SELECT `django_session`.`session_key`, `django_session`.`session_data`, `django_session`.`expire_date` FROM `django_session` WHERE (`django_session`.`session_key` = '2k15ee18oakpi8yvzlhvc6g4raij9yhc' AND `django_session`.`expire_date` > '2016-10-20 19:47:59')", "using": "default"}}}
{"DEBUG": {"1476992879": {"duration": "0.000", "query": "SELECT `auth_user`.`id`, `auth_user`.`password`, `auth_user`.`last_login`, `auth_user`.`is_superuser`, `auth_user`.`username`, `auth_user`.`first_name`, `auth_user`.`last_name`, `auth_user`.`email`, `auth_user`.`is_staff`, `auth_user`.`is_active`, `auth_user`.`date_joined` FROM `auth_user` WHERE `auth_user`.`id` = 1", "using": "default"}}}
{"DEBUG": {"1476992948": {"duration": "0.000", "query": "SET SQL_AUTO_IS_NULL = 0", "using": "default"}}}
{"DEBUG": {"1476992948": {"duration": "0.000", "query": "SET SQL_AUTO_IS_NULL = 0", "using": "default"}}}
{"DEBUG": {"1476992948": {"duration": "0.011", "query": "SELECT `django_session`.`session_key`, `django_session`.`session_data`, `django_session`.`expire_date` FROM `django_session` WHERE (`django_session`.`session_key` = '2k15ee18oakpi8yvzlhvc6g4raij9yhc' AND `django_session`.`expire_date` > '2016-10-20 19:49:07')", "using": "default"}}}
{"DEBUG": {"1476992948": {"duration": "0.001", "query": "SELECT `auth_user`.`id`, `auth_user`.`password`, `auth_user`.`last_login`, `auth_user`.`is_superuser`, `auth_user`.`username`, `auth_user`.`first_name`, `auth_user`.`last_name`, `auth_user`.`email`, `auth_user`.`is_staff`, `auth_user`.`is_active`, `auth_user`.`date_joined` FROM `auth_user` WHERE `auth_user`.`id` = 1", "using": "default"}}}
{"DEBUG": {"1476992963": {"duration": "0.000", "query": "SET SQL_AUTO_IS_NULL = 0", "using": "default"}}}
{"DEBUG": {"1476992963": {"duration": "0.000", "query": "SET SQL_AUTO_IS_NULL = 0", "using": "default"}}}
{"DEBUG": {"1476992963": {"duration": "0.000", "query": "SELECT `django_session`.`session_key`, `django_session`.`session_data`, `django_session`.`expire_date` FROM `django_session` WHERE (`django_session`.`session_key` = '2k15ee18oakpi8yvzlhvc6g4raij9yhc' AND `django_session`.`expire_date` > '2016-10-20 19:49:23')", "using": "default"}}}
{"DEBUG": {"1476992963": {"duration": "0.000", "query": "SELECT `auth_user`.`id`, `auth_user`.`password`, `auth_user`.`last_login`, `auth_user`.`is_superuser`, `auth_user`.`username`, `auth_user`.`first_name`, `auth_user`.`last_name`, `auth_user`.`email`, `auth_user`.`is_staff`, `auth_user`.`is_active`, `auth_user`.`date_joined` FROM `auth_user` WHERE `auth_user`.`id` = 1", "using": "default"}}}
{"DEBUG": {"1476992963": {"duration": "0.000", "query": "SELECT COUNT(*) AS `__count` FROM `api_address`", "using": "default"}}}
{"DEBUG": {"1476992963": {"duration": "0.000", "query": "SELECT `api_address`.`id`, `api_address`.`created`, `api_address`.`address`, `api_address`.`owner_id` FROM `api_address` ORDER BY `api_address`.`created` ASC LIMIT 2", "using": "default"}}}
{"DEBUG": {"1476992963": {"duration": "0.000", "query": "SELECT `auth_user`.`id`, `auth_user`.`password`, `auth_user`.`last_login`, `auth_user`.`is_superuser`, `auth_user`.`username`, `auth_user`.`first_name`, `auth_user`.`last_name`, `auth_user`.`email`, `auth_user`.`is_staff`, `auth_user`.`is_active`, `auth_user`.`date_joined` FROM `auth_user` WHERE `auth_user`.`id` = 1", "using": "default"}}}
{"DEBUG": {"1476992963": {"duration": "0.000", "query": "SELECT `auth_user`.`id`, `auth_user`.`password`, `auth_user`.`last_login`, `auth_user`.`is_superuser`, `auth_user`.`username`, `auth_user`.`first_name`, `auth_user`.`last_name`, `auth_user`.`email`, `auth_user`.`is_staff`, `auth_user`.`is_active`, `auth_user`.`date_joined` FROM `auth_user` WHERE `auth_user`.`id` = 1", "using": "default"}}}
{"DEBUG": {"1476992968": {"duration": "0.000", "query": "SET SQL_AUTO_IS_NULL = 0", "using": "default"}}}
{"DEBUG": {"1476992968": {"duration": "0.000", "query": "SET SQL_AUTO_IS_NULL = 0", "using": "default"}}}
{"DEBUG": {"1476992968": {"duration": "0.018", "query": "SELECT `django_session`.`session_key`, `django_session`.`session_data`, `django_session`.`expire_date` FROM `django_session` WHERE (`django_session`.`session_key` = '2k15ee18oakpi8yvzlhvc6g4raij9yhc' AND `django_session`.`expire_date` > '2016-10-20 19:49:27')", "using": "default"}}}
{"DEBUG": {"1476992968": {"duration": "0.000", "query": "SELECT `auth_user`.`id`, `auth_user`.`password`, `auth_user`.`last_login`, `auth_user`.`is_superuser`, `auth_user`.`username`, `auth_user`.`first_name`, `auth_user`.`last_name`, `auth_user`.`email`, `auth_user`.`is_staff`, `auth_user`.`is_active`, `auth_user`.`date_joined` FROM `auth_user` WHERE `auth_user`.`id` = 1", "using": "default"}}}
{"DEBUG": {"1476992976": {"duration": "0.000", "query": "SET SQL_AUTO_IS_NULL = 0", "using": "default"}}}
{"DEBUG": {"1476992976": {"duration": "0.000", "query": "SET SQL_AUTO_IS_NULL = 0", "using": "default"}}}
{"DEBUG": {"1476992976": {"duration": "0.001", "query": "SELECT `django_session`.`session_key`, `django_session`.`session_data`, `django_session`.`expire_date` FROM `django_session` WHERE (`django_session`.`session_key` = '2k15ee18oakpi8yvzlhvc6g4raij9yhc' AND `django_session`.`expire_date` > '2016-10-20 19:49:35')", "using": "default"}}}
{"DEBUG": {"1476992976": {"duration": "0.000", "query": "SELECT `auth_user`.`id`, `auth_user`.`password`, `auth_user`.`last_login`, `auth_user`.`is_superuser`, `auth_user`.`username`, `auth_user`.`first_name`, `auth_user`.`last_name`, `auth_user`.`email`, `auth_user`.`is_staff`, `auth_user`.`is_active`, `auth_user`.`date_joined` FROM `auth_user` WHERE `auth_user`.`id` = 1", "using": "default"}}}
{"DEBUG": {"1476993024": {"duration": "0.000", "query": "SET SQL_AUTO_IS_NULL = 0", "using": "default"}}}
{"DEBUG": {"1476993024": {"duration": "0.000", "query": "SET SQL_AUTO_IS_NULL = 0", "using": "default"}}}
{"DEBUG": {"1476993024": {"duration": "0.000", "query": "SELECT `django_session`.`session_key`, `django_session`.`session_data`, `django_session`.`expire_date` FROM `django_session` WHERE (`django_session`.`session_key` = '2k15ee18oakpi8yvzlhvc6g4raij9yhc' AND `django_session`.`expire_date` > '2016-10-20 19:50:24')", "using": "default"}}}
{"DEBUG": {"1476993024": {"duration": "0.000", "query": "SELECT `auth_user`.`id`, `auth_user`.`password`, `auth_user`.`last_login`, `auth_user`.`is_superuser`, `auth_user`.`username`, `auth_user`.`first_name`, `auth_user`.`last_name`, `auth_user`.`email`, `auth_user`.`is_staff`, `auth_user`.`is_active`, `auth_user`.`date_joined` FROM `auth_user` WHERE `auth_user`.`id` = 1", "using": "default"}}}
{"DEBUG": {"1476993078": {"duration": "0.000", "query": "SET SQL_AUTO_IS_NULL = 0", "using": "default"}}}
{"DEBUG": {"1476993078": {"duration": "0.000", "query": "SET SQL_AUTO_IS_NULL = 0", "using": "default"}}}
{"DEBUG": {"1476993078": {"duration": "0.018", "query": "SELECT `django_session`.`session_key`, `django_session`.`session_data`, `django_session`.`expire_date` FROM `django_session` WHERE (`django_session`.`session_key` = '2k15ee18oakpi8yvzlhvc6g4raij9yhc' AND `django_session`.`expire_date` > '2016-10-20 19:51:18')", "using": "default"}}}
{"DEBUG": {"1476993078": {"duration": "0.000", "query": "SELECT `auth_user`.`id`, `auth_user`.`password`, `auth_user`.`last_login`, `auth_user`.`is_superuser`, `auth_user`.`username`, `auth_user`.`first_name`, `auth_user`.`last_name`, `auth_user`.`email`, `auth_user`.`is_staff`, `auth_user`.`is_active`, `auth_user`.`date_joined` FROM `auth_user` WHERE `auth_user`.`id` = 1", "using": "default"}}}
{"DEBUG": {"1476993078": {"duration": "0.081", "query": "INSERT INTO `api_address` (`created`, `address`, `owner_id`) VALUES ('2016-10-20 19:51:18', 'address', 1)", "using": "default"}}}
{"DEBUG": {"1476993078": {"duration": "0.000", "query": "SELECT `auth_user`.`id`, `auth_user`.`password`, `auth_user`.`last_login`, `auth_user`.`is_superuser`, `auth_user`.`username`, `auth_user`.`first_name`, `auth_user`.`last_name`, `auth_user`.`email`, `auth_user`.`is_staff`, `auth_user`.`is_active`, `auth_user`.`date_joined` FROM `auth_user` WHERE `auth_user`.`id` = 1", "using": "default"}}}
{"DEBUG": {"1476993203": {"duration": "0.000", "query": "SET SQL_AUTO_IS_NULL = 0", "using": "default"}}}
{"DEBUG": {"1476993203": {"duration": "0.000", "query": "SET SQL_AUTO_IS_NULL = 0", "using": "default"}}}
{"DEBUG": {"1476993203": {"duration": "0.001", "query": "SELECT `django_session`.`session_key`, `django_session`.`session_data`, `django_session`.`expire_date` FROM `django_session` WHERE (`django_session`.`session_key` = '2k15ee18oakpi8yvzlhvc6g4raij9yhc' AND `django_session`.`expire_date` > '2016-10-20 19:53:23')", "using": "default"}}}
{"DEBUG": {"1476993203": {"duration": "0.000", "query": "SELECT `auth_user`.`id`, `auth_user`.`password`, `auth_user`.`last_login`, `auth_user`.`is_superuser`, `auth_user`.`username`, `auth_user`.`first_name`, `auth_user`.`last_name`, `auth_user`.`email`, `auth_user`.`is_staff`, `auth_user`.`is_active`, `auth_user`.`date_joined` FROM `auth_user` WHERE `auth_user`.`id` = 1", "using": "default"}}}
{"DEBUG": {"1476993240": {"duration": "0.000", "query": "SET SQL_AUTO_IS_NULL = 0", "using": "default"}}}
{"DEBUG": {"1476993240": {"duration": "0.000", "query": "SET SQL_AUTO_IS_NULL = 0", "using": "default"}}}
{"DEBUG": {"1476993240": {"duration": "0.001", "query": "SELECT `django_session`.`session_key`, `django_session`.`session_data`, `django_session`.`expire_date` FROM `django_session` WHERE (`django_session`.`session_key` = '2k15ee18oakpi8yvzlhvc6g4raij9yhc' AND `django_session`.`expire_date` > '2016-10-20 19:53:59')", "using": "default"}}}
{"DEBUG": {"1476993240": {"duration": "0.001", "query": "SELECT `auth_user`.`id`, `auth_user`.`password`, `auth_user`.`last_login`, `auth_user`.`is_superuser`, `auth_user`.`username`, `auth_user`.`first_name`, `auth_user`.`last_name`, `auth_user`.`email`, `auth_user`.`is_staff`, `auth_user`.`is_active`, `auth_user`.`date_joined` FROM `auth_user` WHERE `auth_user`.`id` = 1", "using": "default"}}}
{"DEBUG": {"1476993342": {"duration": "0.000", "query": "SET SQL_AUTO_IS_NULL = 0", "using": "default"}}}
{"DEBUG": {"1476993342": {"duration": "0.000", "query": "SET SQL_AUTO_IS_NULL = 0", "using": "default"}}}
{"DEBUG": {"1476993342": {"duration": "0.001", "query": "SELECT `django_session`.`session_key`, `django_session`.`session_data`, `django_session`.`expire_date` FROM `django_session` WHERE (`django_session`.`session_key` = '2k15ee18oakpi8yvzlhvc6g4raij9yhc' AND `django_session`.`expire_date` > '2016-10-20 19:55:42')", "using": "default"}}}
{"DEBUG": {"1476993342": {"duration": "0.000", "query": "SELECT `auth_user`.`id`, `auth_user`.`password`, `auth_user`.`last_login`, `auth_user`.`is_superuser`, `auth_user`.`username`, `auth_user`.`first_name`, `auth_user`.`last_name`, `auth_user`.`email`, `auth_user`.`is_staff`, `auth_user`.`is_active`, `auth_user`.`date_joined` FROM `auth_user` WHERE `auth_user`.`id` = 1", "using": "default"}}}
{"DEBUG": {"1476993415": {"duration": "0.000", "query": "SET SQL_AUTO_IS_NULL = 0", "using": "default"}}}
{"DEBUG": {"1476993415": {"duration": "0.000", "query": "SET SQL_AUTO_IS_NULL = 0", "using": "default"}}}
{"DEBUG": {"1476993415": {"duration": "0.001", "query": "SELECT `django_session`.`session_key`, `django_session`.`session_data`, `django_session`.`expire_date` FROM `django_session` WHERE (`django_session`.`session_key` = '2k15ee18oakpi8yvzlhvc6g4raij9yhc' AND `django_session`.`expire_date` > '2016-10-20 19:56:55')", "using": "default"}}}
{"DEBUG": {"1476993415": {"duration": "0.000", "query": "SELECT `auth_user`.`id`, `auth_user`.`password`, `auth_user`.`last_login`, `auth_user`.`is_superuser`, `auth_user`.`username`, `auth_user`.`first_name`, `auth_user`.`last_name`, `auth_user`.`email`, `auth_user`.`is_staff`, `auth_user`.`is_active`, `auth_user`.`date_joined` FROM `auth_user` WHERE `auth_user`.`id` = 1", "using": "default"}}}
{"DEBUG": {"1476993620": {"duration": "0.000", "query": "SET SQL_AUTO_IS_NULL = 0", "using": "default"}}}
{"DEBUG": {"1476993620": {"duration": "0.000", "query": "SET SQL_AUTO_IS_NULL = 0", "using": "default"}}}
{"DEBUG": {"1476993620": {"duration": "0.184", "query": "SELECT `django_session`.`session_key`, `django_session`.`session_data`, `django_session`.`expire_date` FROM `django_session` WHERE (`django_session`.`session_key` = '2k15ee18oakpi8yvzlhvc6g4raij9yhc' AND `django_session`.`expire_date` > '2016-10-20 20:00:20')", "using": "default"}}}
{"DEBUG": {"1476993620": {"duration": "0.000", "query": "SELECT `auth_user`.`id`, `auth_user`.`password`, `auth_user`.`last_login`, `auth_user`.`is_superuser`, `auth_user`.`username`, `auth_user`.`first_name`, `auth_user`.`last_name`, `auth_user`.`email`, `auth_user`.`is_staff`, `auth_user`.`is_active`, `auth_user`.`date_joined` FROM `auth_user` WHERE `auth_user`.`id` = 1", "using": "default"}}}
{"DEBUG": {"1476993620": {"duration": "0.026", "query": "INSERT INTO `api_address` (`created`, `address`, `owner_id`) VALUES ('2016-10-20 20:00:20', 'Greater Kailash (GK) 2, New Delhi', 1)", "using": "default"}}}
{"DEBUG": {"1476993620": {"duration": "0.000", "query": "SELECT `auth_user`.`id`, `auth_user`.`password`, `auth_user`.`last_login`, `auth_user`.`is_superuser`, `auth_user`.`username`, `auth_user`.`first_name`, `auth_user`.`last_name`, `auth_user`.`email`, `auth_user`.`is_staff`, `auth_user`.`is_active`, `auth_user`.`date_joined` FROM `auth_user` WHERE `auth_user`.`id` = 1", "using": "default"}}}
{"DEBUG": {"1476993735": {"duration": "0.000", "query": "SET SQL_AUTO_IS_NULL = 0", "using": "default"}}}
{"DEBUG": {"1476993735": {"duration": "0.000", "query": "SET SQL_AUTO_IS_NULL = 0", "using": "default"}}}
{"DEBUG": {"1476993735": {"duration": "0.001", "query": "SELECT `django_session`.`session_key`, `django_session`.`session_data`, `django_session`.`expire_date` FROM `django_session` WHERE (`django_session`.`session_key` = '2k15ee18oakpi8yvzlhvc6g4raij9yhc' AND `django_session`.`expire_date` > '2016-10-20 20:02:15')", "using": "default"}}}
{"DEBUG": {"1476993735": {"duration": "0.001", "query": "SELECT `auth_user`.`id`, `auth_user`.`password`, `auth_user`.`last_login`, `auth_user`.`is_superuser`, `auth_user`.`username`, `auth_user`.`first_name`, `auth_user`.`last_name`, `auth_user`.`email`, `auth_user`.`is_staff`, `auth_user`.`is_active`, `auth_user`.`date_joined` FROM `auth_user` WHERE `auth_user`.`id` = 1", "using": "default"}}}
{"DEBUG": {"1476993735": {"duration": "0.013", "query": "INSERT INTO `api_address` (`created`, `address`, `owner_id`) VALUES ('2016-10-20 20:02:15', 'Greater Kailash (GK) 2, New Delhi', 1)", "using": "default"}}}
{"DEBUG": {"1476993735": {"duration": "0.000", "query": "SELECT `auth_user`.`id`, `auth_user`.`password`, `auth_user`.`last_login`, `auth_user`.`is_superuser`, `auth_user`.`username`, `auth_user`.`first_name`, `auth_user`.`last_name`, `auth_user`.`email`, `auth_user`.`is_staff`, `auth_user`.`is_active`, `auth_user`.`date_joined` FROM `auth_user` WHERE `auth_user`.`id` = 1", "using": "default"}}}
{"DEBUG": {"1476993751": {"duration": "0.000", "query": "SET SQL_AUTO_IS_NULL = 0", "using": "default"}}}
{"DEBUG": {"1476993751": {"duration": "0.000", "query": "SET SQL_AUTO_IS_NULL = 0", "using": "default"}}}
{"DEBUG": {"1476993751": {"duration": "0.000", "query": "SELECT `django_session`.`session_key`, `django_session`.`session_data`, `django_session`.`expire_date` FROM `django_session` WHERE (`django_session`.`session_key` = '2k15ee18oakpi8yvzlhvc6g4raij9yhc' AND `django_session`.`expire_date` > '2016-10-20 20:02:31')", "using": "default"}}}
{"DEBUG": {"1476993751": {"duration": "0.001", "query": "SELECT `auth_user`.`id`, `auth_user`.`password`, `auth_user`.`last_login`, `auth_user`.`is_superuser`, `auth_user`.`username`, `auth_user`.`first_name`, `auth_user`.`last_name`, `auth_user`.`email`, `auth_user`.`is_staff`, `auth_user`.`is_active`, `auth_user`.`date_joined` FROM `auth_user` WHERE `auth_user`.`id` = 1", "using": "default"}}}
{"DEBUG": {"1476993751": {"duration": "0.015", "query": "INSERT INTO `api_address` (`created`, `address`, `owner_id`) VALUES ('2016-10-20 20:02:31', 'Greater Kailash (GK) 2, New Delhi', 1)", "using": "default"}}}
{"DEBUG": {"1476993751": {"duration": "0.000", "query": "SELECT `auth_user`.`id`, `auth_user`.`password`, `auth_user`.`last_login`, `auth_user`.`is_superuser`, `auth_user`.`username`, `auth_user`.`first_name`, `auth_user`.`last_name`, `auth_user`.`email`, `auth_user`.`is_staff`, `auth_user`.`is_active`, `auth_user`.`date_joined` FROM `auth_user` WHERE `auth_user`.`id` = 1", "using": "default"}}}
{"DEBUG": {"1476993862": {"duration": "0.000", "query": "SET SQL_AUTO_IS_NULL = 0", "using": "default"}}}
{"DEBUG": {"1476993862": {"duration": "0.000", "query": "SET SQL_AUTO_IS_NULL = 0", "using": "default"}}}
{"DEBUG": {"1476993862": {"duration": "0.013", "query": "SELECT `django_session`.`session_key`, `django_session`.`session_data`, `django_session`.`expire_date` FROM `django_session` WHERE (`django_session`.`session_key` = '2k15ee18oakpi8yvzlhvc6g4raij9yhc' AND `django_session`.`expire_date` > '2016-10-20 20:04:22')", "using": "default"}}}
{"DEBUG": {"1476993862": {"duration": "0.000", "query": "SELECT `auth_user`.`id`, `auth_user`.`password`, `auth_user`.`last_login`, `auth_user`.`is_superuser`, `auth_user`.`username`, `auth_user`.`first_name`, `auth_user`.`last_name`, `auth_user`.`email`, `auth_user`.`is_staff`, `auth_user`.`is_active`, `auth_user`.`date_joined` FROM `auth_user` WHERE `auth_user`.`id` = 1", "using": "default"}}}
{"DEBUG": {"1476993891": {"duration": "0.000", "query": "SET SQL_AUTO_IS_NULL = 0", "using": "default"}}}
{"DEBUG": {"1476993891": {"duration": "0.000", "query": "SET SQL_AUTO_IS_NULL = 0", "using": "default"}}}
{"DEBUG": {"1476993891": {"duration": "0.000", "query": "SELECT `django_session`.`session_key`, `django_session`.`session_data`, `django_session`.`expire_date` FROM `django_session` WHERE (`django_session`.`session_key` = '2k15ee18oakpi8yvzlhvc6g4raij9yhc' AND `django_session`.`expire_date` > '2016-10-20 20:04:51')", "using": "default"}}}
{"DEBUG": {"1476993891": {"duration": "0.000", "query": "SELECT `auth_user`.`id`, `auth_user`.`password`, `auth_user`.`last_login`, `auth_user`.`is_superuser`, `auth_user`.`username`, `auth_user`.`first_name`, `auth_user`.`last_name`, `auth_user`.`email`, `auth_user`.`is_staff`, `auth_user`.`is_active`, `auth_user`.`date_joined` FROM `auth_user` WHERE `auth_user`.`id` = 1", "using": "default"}}}
{"DEBUG": {"1476993891": {"duration": "0.006", "query": "INSERT INTO `api_address` (`created`, `address`, `owner_id`) VALUES ('2016-10-20 20:04:51', 'Greater Kailash (GK) 2, New Delhi', 1)", "using": "default"}}}
{"DEBUG": {"1476993891": {"duration": "0.000", "query": "SELECT `auth_user`.`id`, `auth_user`.`password`, `auth_user`.`last_login`, `auth_user`.`is_superuser`, `auth_user`.`username`, `auth_user`.`first_name`, `auth_user`.`last_name`, `auth_user`.`email`, `auth_user`.`is_staff`, `auth_user`.`is_active`, `auth_user`.`date_joined` FROM `auth_user` WHERE `auth_user`.`id` = 1", "using": "default"}}}
{"DEBUG": {"1476993994": {"duration": "0.000", "query": "SET SQL_AUTO_IS_NULL = 0", "using": "default"}}}
{"DEBUG": {"1476993994": {"duration": "0.000", "query": "SET SQL_AUTO_IS_NULL = 0", "using": "default"}}}
{"DEBUG": {"1476993994": {"duration": "0.085", "query": "SELECT `django_session`.`session_key`, `django_session`.`session_data`, `django_session`.`expire_date` FROM `django_session` WHERE (`django_session`.`session_key` = '2k15ee18oakpi8yvzlhvc6g4raij9yhc' AND `django_session`.`expire_date` > '2016-10-20 20:06:33')", "using": "default"}}}
{"DEBUG": {"1476993994": {"duration": "0.000", "query": "SELECT `auth_user`.`id`, `auth_user`.`password`, `auth_user`.`last_login`, `auth_user`.`is_superuser`, `auth_user`.`username`, `auth_user`.`first_name`, `auth_user`.`last_name`, `auth_user`.`email`, `auth_user`.`is_staff`, `auth_user`.`is_active`, `auth_user`.`date_joined` FROM `auth_user` WHERE `auth_user`.`id` = 1", "using": "default"}}}
{"DEBUG": {"1476994026": {"duration": "0.001", "query": "SET SQL_AUTO_IS_NULL = 0", "using": "default"}}}
{"DEBUG": {"1476994026": {"duration": "0.000", "query": "SET SQL_AUTO_IS_NULL = 0", "using": "default"}}}
{"DEBUG": {"1476994026": {"duration": "0.006", "query": "SELECT `django_session`.`session_key`, `django_session`.`session_data`, `django_session`.`expire_date` FROM `django_session` WHERE (`django_session`.`session_key` = '2k15ee18oakpi8yvzlhvc6g4raij9yhc' AND `django_session`.`expire_date` > '2016-10-20 20:07:06')", "using": "default"}}}
{"DEBUG": {"1476994026": {"duration": "0.000", "query": "SELECT `auth_user`.`id`, `auth_user`.`password`, `auth_user`.`last_login`, `auth_user`.`is_superuser`, `auth_user`.`username`, `auth_user`.`first_name`, `auth_user`.`last_name`, `auth_user`.`email`, `auth_user`.`is_staff`, `auth_user`.`is_active`, `auth_user`.`date_joined` FROM `auth_user` WHERE `auth_user`.`id` = 1", "using": "default"}}}
{"DEBUG": {"1476994055": {"duration": "0.000", "query": "SET SQL_AUTO_IS_NULL = 0", "using": "default"}}}
{"DEBUG": {"1476994055": {"duration": "0.000", "query": "SET SQL_AUTO_IS_NULL = 0", "using": "default"}}}
{"DEBUG": {"1476994055": {"duration": "0.015", "query": "SELECT `django_session`.`session_key`, `django_session`.`session_data`, `django_session`.`expire_date` FROM `django_session` WHERE (`django_session`.`session_key` = '2k15ee18oakpi8yvzlhvc6g4raij9yhc' AND `django_session`.`expire_date` > '2016-10-20 20:07:34')", "using": "default"}}}
{"DEBUG": {"1476994055": {"duration": "0.000", "query": "SELECT `auth_user`.`id`, `auth_user`.`password`, `auth_user`.`last_login`, `auth_user`.`is_superuser`, `auth_user`.`username`, `auth_user`.`first_name`, `auth_user`.`last_name`, `auth_user`.`email`, `auth_user`.`is_staff`, `auth_user`.`is_active`, `auth_user`.`date_joined` FROM `auth_user` WHERE `auth_user`.`id` = 1", "using": "default"}}}
{"DEBUG": {"1476994055": {"duration": "0.181", "query": "INSERT INTO `api_address` (`created`, `address`, `owner_id`) VALUES ('2016-10-20 20:07:35', 'Greater Kailash (GK) 2, New Delhi', 1)", "using": "default"}}}
{"DEBUG": {"1476994055": {"duration": "0.000", "query": "SELECT `auth_user`.`id`, `auth_user`.`password`, `auth_user`.`last_login`, `auth_user`.`is_superuser`, `auth_user`.`username`, `auth_user`.`first_name`, `auth_user`.`last_name`, `auth_user`.`email`, `auth_user`.`is_staff`, `auth_user`.`is_active`, `auth_user`.`date_joined` FROM `auth_user` WHERE `auth_user`.`id` = 1", "using": "default"}}}
{"DEBUG": {"1476994169": {"duration": "0.000", "query": "SET SQL_AUTO_IS_NULL = 0", "using": "default"}}}
{"DEBUG": {"1476994169": {"duration": "0.000", "query": "SET SQL_AUTO_IS_NULL = 0", "using": "default"}}}
{"DEBUG": {"1476994169": {"duration": "0.126", "query": "SELECT `django_session`.`session_key`, `django_session`.`session_data`, `django_session`.`expire_date` FROM `django_session` WHERE (`django_session`.`session_key` = '2k15ee18oakpi8yvzlhvc6g4raij9yhc' AND `django_session`.`expire_date` > '2016-10-20 20:09:29')", "using": "default"}}}
{"DEBUG": {"1476994169": {"duration": "0.000", "query": "SELECT `auth_user`.`id`, `auth_user`.`password`, `auth_user`.`last_login`, `auth_user`.`is_superuser`, `auth_user`.`username`, `auth_user`.`first_name`, `auth_user`.`last_name`, `auth_user`.`email`, `auth_user`.`is_staff`, `auth_user`.`is_active`, `auth_user`.`date_joined` FROM `auth_user` WHERE `auth_user`.`id` = 1", "using": "default"}}}
{"DEBUG": {"1476994169": {"duration": "0.028", "query": "INSERT INTO `api_address` (`created`, `address`, `owner_id`) VALUES ('2016-10-20 20:09:29', 'Greater Kailash (GK) 2, New Delhi', 1)", "using": "default"}}}
{"DEBUG": {"1476994169": {"duration": "0.000", "query": "SELECT `auth_user`.`id`, `auth_user`.`password`, `auth_user`.`last_login`, `auth_user`.`is_superuser`, `auth_user`.`username`, `auth_user`.`first_name`, `auth_user`.`last_name`, `auth_user`.`email`, `auth_user`.`is_staff`, `auth_user`.`is_active`, `auth_user`.`date_joined` FROM `auth_user` WHERE `auth_user`.`id` = 1", "using": "default"}}}
{"DEBUG": {"1476994229": {"duration": "0.000", "query": "SET SQL_AUTO_IS_NULL = 0", "using": "default"}}}
{"DEBUG": {"1476994229": {"duration": "0.000", "query": "SET SQL_AUTO_IS_NULL = 0", "using": "default"}}}
{"DEBUG": {"1476994229": {"duration": "0.001", "query": "SELECT `django_session`.`session_key`, `django_session`.`session_data`, `django_session`.`expire_date` FROM `django_session` WHERE (`django_session`.`session_key` = '2k15ee18oakpi8yvzlhvc6g4raij9yhc' AND `django_session`.`expire_date` > '2016-10-20 20:10:29')", "using": "default"}}}
{"DEBUG": {"1476994229": {"duration": "0.008", "query": "SELECT `auth_user`.`id`, `auth_user`.`password`, `auth_user`.`last_login`, `auth_user`.`is_superuser`, `auth_user`.`username`, `auth_user`.`first_name`, `auth_user`.`last_name`, `auth_user`.`email`, `auth_user`.`is_staff`, `auth_user`.`is_active`, `auth_user`.`date_joined` FROM `auth_user` WHERE `auth_user`.`id` = 1", "using": "default"}}}
{"DEBUG": {"1476994229": {"duration": "0.019", "query": "INSERT INTO `api_address` (`created`, `address`, `owner_id`) VALUES ('2016-10-20 20:10:29', 'Greater Kailash (GK) 2, New Delhi', 1)", "using": "default"}}}
{"DEBUG": {"1476994229": {"duration": "0.000", "query": "SELECT `auth_user`.`id`, `auth_user`.`password`, `auth_user`.`last_login`, `auth_user`.`is_superuser`, `auth_user`.`username`, `auth_user`.`first_name`, `auth_user`.`last_name`, `auth_user`.`email`, `auth_user`.`is_staff`, `auth_user`.`is_active`, `auth_user`.`date_joined` FROM `auth_user` WHERE `auth_user`.`id` = 1", "using": "default"}}}
{"DEBUG": {"1476994259": {"duration": "0.000", "query": "SET SQL_AUTO_IS_NULL = 0", "using": "default"}}}
{"DEBUG": {"1476994259": {"duration": "0.000", "query": "SET SQL_AUTO_IS_NULL = 0", "using": "default"}}}
{"DEBUG": {"1476994259": {"duration": "0.001", "query": "SELECT `django_session`.`session_key`, `django_session`.`session_data`, `django_session`.`expire_date` FROM `django_session` WHERE (`django_session`.`session_key` = '2k15ee18oakpi8yvzlhvc6g4raij9yhc' AND `django_session`.`expire_date` > '2016-10-20 20:10:58')", "using": "default"}}}
{"DEBUG": {"1476994259": {"duration": "0.000", "query": "SELECT `auth_user`.`id`, `auth_user`.`password`, `auth_user`.`last_login`, `auth_user`.`is_superuser`, `auth_user`.`username`, `auth_user`.`first_name`, `auth_user`.`last_name`, `auth_user`.`email`, `auth_user`.`is_staff`, `auth_user`.`is_active`, `auth_user`.`date_joined` FROM `auth_user` WHERE `auth_user`.`id` = 1", "using": "default"}}}
{"DEBUG": {"1476994259": {"duration": "0.041", "query": "INSERT INTO `api_address` (`created`, `address`, `owner_id`) VALUES ('2016-10-20 20:10:58', 'Greater Kailash (GK) 2, New Delhi', 1)", "using": "default"}}}
{"DEBUG": {"1476994259": {"duration": "0.000", "query": "SELECT `auth_user`.`id`, `auth_user`.`password`, `auth_user`.`last_login`, `auth_user`.`is_superuser`, `auth_user`.`username`, `auth_user`.`first_name`, `auth_user`.`last_name`, `auth_user`.`email`, `auth_user`.`is_staff`, `auth_user`.`is_active`, `auth_user`.`date_joined` FROM `auth_user` WHERE `auth_user`.`id` = 1", "using": "default"}}}
{"DEBUG": {"1476994271": {"duration": "0.000", "query": "SET SQL_AUTO_IS_NULL = 0", "using": "default"}}}
{"DEBUG": {"1476994271": {"duration": "0.000", "query": "SET SQL_AUTO_IS_NULL = 0", "using": "default"}}}
{"DEBUG": {"1476994271": {"duration": "0.001", "query": "SELECT `django_session`.`session_key`, `django_session`.`session_data`, `django_session`.`expire_date` FROM `django_session` WHERE (`django_session`.`session_key` = '2k15ee18oakpi8yvzlhvc6g4raij9yhc' AND `django_session`.`expire_date` > '2016-10-20 20:11:11')", "using": "default"}}}
{"DEBUG": {"1476994271": {"duration": "0.000", "query": "SELECT `auth_user`.`id`, `auth_user`.`password`, `auth_user`.`last_login`, `auth_user`.`is_superuser`, `auth_user`.`username`, `auth_user`.`first_name`, `auth_user`.`last_name`, `auth_user`.`email`, `auth_user`.`is_staff`, `auth_user`.`is_active`, `auth_user`.`date_joined` FROM `auth_user` WHERE `auth_user`.`id` = 1", "using": "default"}}}
{"DEBUG": {"1476994357": {"duration": "0.000", "query": "SET SQL_AUTO_IS_NULL = 0", "using": "default"}}}
{"DEBUG": {"1476994357": {"duration": "0.000", "query": "SET SQL_AUTO_IS_NULL = 0", "using": "default"}}}
{"DEBUG": {"1476994357": {"duration": "0.078", "query": "SELECT `django_session`.`session_key`, `django_session`.`session_data`, `django_session`.`expire_date` FROM `django_session` WHERE (`django_session`.`session_key` = '2k15ee18oakpi8yvzlhvc6g4raij9yhc' AND `django_session`.`expire_date` > '2016-10-20 20:12:37')", "using": "default"}}}
{"DEBUG": {"1476994357": {"duration": "0.000", "query": "SELECT `auth_user`.`id`, `auth_user`.`password`, `auth_user`.`last_login`, `auth_user`.`is_superuser`, `auth_user`.`username`, `auth_user`.`first_name`, `auth_user`.`last_name`, `auth_user`.`email`, `auth_user`.`is_staff`, `auth_user`.`is_active`, `auth_user`.`date_joined` FROM `auth_user` WHERE `auth_user`.`id` = 1", "using": "default"}}}
{"DEBUG": {"1476994366": {"duration": "0.000", "query": "SET SQL_AUTO_IS_NULL = 0", "using": "default"}}}
{"DEBUG": {"1476994366": {"duration": "0.000", "query": "SET SQL_AUTO_IS_NULL = 0", "using": "default"}}}
{"DEBUG": {"1476994366": {"duration": "0.015", "query": "SELECT `django_session`.`session_key`, `django_session`.`session_data`, `django_session`.`expire_date` FROM `django_session` WHERE (`django_session`.`session_key` = '2k15ee18oakpi8yvzlhvc6g4raij9yhc' AND `django_session`.`expire_date` > '2016-10-20 20:12:46')", "using": "default"}}}
{"DEBUG": {"1476994366": {"duration": "0.000", "query": "SELECT `auth_user`.`id`, `auth_user`.`password`, `auth_user`.`last_login`, `auth_user`.`is_superuser`, `auth_user`.`username`, `auth_user`.`first_name`, `auth_user`.`last_name`, `auth_user`.`email`, `auth_user`.`is_staff`, `auth_user`.`is_active`, `auth_user`.`date_joined` FROM `auth_user` WHERE `auth_user`.`id` = 1", "using": "default"}}}
{"DEBUG": {"1476994375": {"duration": "0.000", "query": "SET SQL_AUTO_IS_NULL = 0", "using": "default"}}}
{"DEBUG": {"1476994375": {"duration": "0.000", "query": "SET SQL_AUTO_IS_NULL = 0", "using": "default"}}}
{"DEBUG": {"1476994375": {"duration": "0.014", "query": "SELECT `django_session`.`session_key`, `django_session`.`session_data`, `django_session`.`expire_date` FROM `django_session` WHERE (`django_session`.`session_key` = '2k15ee18oakpi8yvzlhvc6g4raij9yhc' AND `django_session`.`expire_date` > '2016-10-20 20:12:55')", "using": "default"}}}
{"DEBUG": {"1476994375": {"duration": "0.001", "query": "SELECT `auth_user`.`id`, `auth_user`.`password`, `auth_user`.`last_login`, `auth_user`.`is_superuser`, `auth_user`.`username`, `auth_user`.`first_name`, `auth_user`.`last_name`, `auth_user`.`email`, `auth_user`.`is_staff`, `auth_user`.`is_active`, `auth_user`.`date_joined` FROM `auth_user` WHERE `auth_user`.`id` = 1", "using": "default"}}}
{"DEBUG": {"1476994375": {"duration": "0.013", "query": "INSERT INTO `api_address` (`created`, `address`, `owner_id`) VALUES ('2016-10-20 20:12:55', 'request.data', 1)", "using": "default"}}}
{"DEBUG": {"1476994375": {"duration": "0.000", "query": "SELECT `auth_user`.`id`, `auth_user`.`password`, `auth_user`.`last_login`, `auth_user`.`is_superuser`, `auth_user`.`username`, `auth_user`.`first_name`, `auth_user`.`last_name`, `auth_user`.`email`, `auth_user`.`is_staff`, `auth_user`.`is_active`, `auth_user`.`date_joined` FROM `auth_user` WHERE `auth_user`.`id` = 1", "using": "default"}}}
{"DEBUG": {"1476994789": {"duration": "0.000", "query": "SET SQL_AUTO_IS_NULL = 0", "using": "default"}}}
{"DEBUG": {"1476994789": {"duration": "0.000", "query": "SET SQL_AUTO_IS_NULL = 0", "using": "default"}}}
{"DEBUG": {"1476994789": {"duration": "0.145", "query": "SELECT `django_session`.`session_key`, `django_session`.`session_data`, `django_session`.`expire_date` FROM `django_session` WHERE (`django_session`.`session_key` = '2k15ee18oakpi8yvzlhvc6g4raij9yhc' AND `django_session`.`expire_date` > '2016-10-20 20:19:48')", "using": "default"}}}
{"DEBUG": {"1476994789": {"duration": "0.000", "query": "SELECT `auth_user`.`id`, `auth_user`.`password`, `auth_user`.`last_login`, `auth_user`.`is_superuser`, `auth_user`.`username`, `auth_user`.`first_name`, `auth_user`.`last_name`, `auth_user`.`email`, `auth_user`.`is_staff`, `auth_user`.`is_active`, `auth_user`.`date_joined` FROM `auth_user` WHERE `auth_user`.`id` = 1", "using": "default"}}}
{"DEBUG": {"1476994826": {"duration": "0.000", "query": "SET SQL_AUTO_IS_NULL = 0", "using": "default"}}}
{"DEBUG": {"1476994826": {"duration": "0.000", "query": "SET SQL_AUTO_IS_NULL = 0", "using": "default"}}}
{"DEBUG": {"1476994826": {"duration": "0.001", "query": "SELECT `django_session`.`session_key`, `django_session`.`session_data`, `django_session`.`expire_date` FROM `django_session` WHERE (`django_session`.`session_key` = '2k15ee18oakpi8yvzlhvc6g4raij9yhc' AND `django_session`.`expire_date` > '2016-10-20 20:20:26')", "using": "default"}}}
{"DEBUG": {"1476994826": {"duration": "0.000", "query": "SELECT `auth_user`.`id`, `auth_user`.`password`, `auth_user`.`last_login`, `auth_user`.`is_superuser`, `auth_user`.`username`, `auth_user`.`first_name`, `auth_user`.`last_name`, `auth_user`.`email`, `auth_user`.`is_staff`, `auth_user`.`is_active`, `auth_user`.`date_joined` FROM `auth_user` WHERE `auth_user`.`id` = 1", "using": "default"}}}
{"DEBUG": {"1477069535": {"duration": "0.000", "query": "SET SQL_AUTO_IS_NULL = 0", "using": "default"}}}
{"DEBUG": {"1477069535": {"duration": "0.089", "query": "INSERT INTO `api_address` (`created`, `address`, `owner_id`) VALUES ('2016-10-21 17:05:35', 'Dwarka sector 7, New Delhi', 1)", "using": "default"}}}
{"DEBUG": {"1477069535": {"duration": "0.011", "query": "SELECT `auth_user`.`id`, `auth_user`.`password`, `auth_user`.`last_login`, `auth_user`.`is_superuser`, `auth_user`.`username`, `auth_user`.`first_name`, `auth_user`.`last_name`, `auth_user`.`email`, `auth_user`.`is_staff`, `auth_user`.`is_active`, `auth_user`.`date_joined` FROM `auth_user` WHERE `auth_user`.`id` = 1", "using": "default"}}}
{"DEBUG": {"1477069589": {"duration": "0.000", "query": "SET SQL_AUTO_IS_NULL = 0", "using": "default"}}}
{"DEBUG": {"1477069589": {"duration": "0.000", "query": "INSERT INTO `api_address` (`created`, `address`, `owner_id`) VALUES ('2016-10-21 17:06:28', 'Dwarka sector 7, New Delhi', 1)", "using": "default"}}}
{"DEBUG": {"1477069589": {"duration": "0.000", "query": "SELECT `auth_user`.`id`, `auth_user`.`password`, `auth_user`.`last_login`, `auth_user`.`is_superuser`, `auth_user`.`username`, `auth_user`.`first_name`, `auth_user`.`last_name`, `auth_user`.`email`, `auth_user`.`is_staff`, `auth_user`.`is_active`, `auth_user`.`date_joined` FROM `auth_user` WHERE `auth_user`.`id` = 1", "using": "default"}}}
{"DEBUG": {"1477069667": {"duration": "0.000", "query": "SET SQL_AUTO_IS_NULL = 0", "using": "default"}}}
{"DEBUG": {"1477069667": {"duration": "0.000", "query": "INSERT INTO `api_address` (`created`, `address`, `owner_id`) VALUES ('2016-10-21 17:07:47', 'Dwarka sector 7, New Delhi', 1)", "using": "default"}}}
{"DEBUG": {"1477069667": {"duration": "0.000", "query": "SELECT `auth_user`.`id`, `auth_user`.`password`, `auth_user`.`last_login`, `auth_user`.`is_superuser`, `auth_user`.`username`, `auth_user`.`first_name`, `auth_user`.`last_name`, `auth_user`.`email`, `auth_user`.`is_staff`, `auth_user`.`is_active`, `auth_user`.`date_joined` FROM `auth_user` WHERE `auth_user`.`id` = 1", "using": "default"}}}
{"DEBUG": {"1477072299": {"duration": "0.000", "query": "SET SQL_AUTO_IS_NULL = 0", "using": "default"}}}
{"DEBUG": {"1477072299": {"duration": "0.473", "query": "INSERT INTO `api_address` (`created`, `address`, `owner_id`) VALUES ('2016-10-21 17:51:37', 'Dwarka sector 7, New Delhi', 1)", "using": "default"}}}
{"DEBUG": {"1477072299": {"duration": "0.000", "query": "SELECT `auth_user`.`id`, `auth_user`.`password`, `auth_user`.`last_login`, `auth_user`.`is_superuser`, `auth_user`.`username`, `auth_user`.`first_name`, `auth_user`.`last_name`, `auth_user`.`email`, `auth_user`.`is_staff`, `auth_user`.`is_active`, `auth_user`.`date_joined` FROM `auth_user` WHERE `auth_user`.`id` = 1", "using": "default"}}}
{"DEBUG": {"1477073192": {"duration": "0.000", "query": "SET SQL_AUTO_IS_NULL = 0", "using": "default"}}}
{"DEBUG": {"1477073192": {"duration": "0.208", "query": "INSERT INTO `api_address` (`created`, `address`, `owner_id`) VALUES ('2016-10-21 18:06:31', 'Dwarka sector 7, New Delhi', 1)", "using": "default"}}}
{"DEBUG": {"1477073192": {"duration": "0.000", "query": "SELECT `auth_user`.`id`, `auth_user`.`password`, `auth_user`.`last_login`, `auth_user`.`is_superuser`, `auth_user`.`username`, `auth_user`.`first_name`, `auth_user`.`last_name`, `auth_user`.`email`, `auth_user`.`is_staff`, `auth_user`.`is_active`, `auth_user`.`date_joined` FROM `auth_user` WHERE `auth_user`.`id` = 1", "using": "default"}}}
{"DEBUG": {"1477073340": {"duration": "0.000", "query": "SET SQL_AUTO_IS_NULL = 0", "using": "default"}}}
{"DEBUG": {"1477073340": {"duration": "0.181", "query": "SELECT `api_address`.`id`, `api_address`.`created`, `api_address`.`address`, `api_address`.`owner_id` FROM `api_address` ORDER BY `api_address`.`created` ASC LIMIT 21", "using": "default"}}}
{"DEBUG": {"1477073394": {"duration": "0.000", "query": "SET SQL_AUTO_IS_NULL = 0", "using": "default"}}}
{"DEBUG": {"1477073394": {"duration": "0.000", "query": "SELECT `api_address`.`id`, `api_address`.`created`, `api_address`.`address`, `api_address`.`owner_id` FROM `api_address` ORDER BY `api_address`.`created` ASC LIMIT 21", "using": "default"}}}
{"DEBUG": {"1477073426": {"duration": "0.000", "query": "SET SQL_AUTO_IS_NULL = 0", "using": "default"}}}
{"DEBUG": {"1477073426": {"duration": "0.036", "query": "SELECT COUNT(*) AS `__count` FROM `api_address`", "using": "default"}}}
{"DEBUG": {"1477073426": {"duration": "0.001", "query": "SELECT `api_address`.`id`, `api_address`.`created`, `api_address`.`address`, `api_address`.`owner_id` FROM `api_address` ORDER BY `api_address`.`created` ASC LIMIT 2", "using": "default"}}}
{"DEBUG": {"1477073426": {"duration": "0.000", "query": "SELECT `auth_user`.`id`, `auth_user`.`password`, `auth_user`.`last_login`, `auth_user`.`is_superuser`, `auth_user`.`username`, `auth_user`.`first_name`, `auth_user`.`last_name`, `auth_user`.`email`, `auth_user`.`is_staff`, `auth_user`.`is_active`, `auth_user`.`date_joined` FROM `auth_user` WHERE `auth_user`.`id` = 1", "using": "default"}}}
{"DEBUG": {"1477073426": {"duration": "0.000", "query": "SELECT `auth_user`.`id`, `auth_user`.`password`, `auth_user`.`last_login`, `auth_user`.`is_superuser`, `auth_user`.`username`, `auth_user`.`first_name`, `auth_user`.`last_name`, `auth_user`.`email`, `auth_user`.`is_staff`, `auth_user`.`is_active`, `auth_user`.`date_joined` FROM `auth_user` WHERE `auth_user`.`id` = 1", "using": "default"}}}
{"DEBUG": {"1477073673": {"duration": "0.000", "query": "SET SQL_AUTO_IS_NULL = 0", "using": "default"}}}
{"DEBUG": {"1477073673": {"duration": "0.000", "query": "SELECT COUNT(*) AS `__count` FROM `api_address`", "using": "default"}}}
{"DEBUG": {"1477073673": {"duration": "0.000", "query": "SELECT `api_address`.`id`, `api_address`.`created`, `api_address`.`address`, `api_address`.`owner_id` FROM `api_address` ORDER BY `api_address`.`created` ASC LIMIT 2", "using": "default"}}}
{"DEBUG": {"1477073673": {"duration": "0.000", "query": "SELECT `auth_user`.`id`, `auth_user`.`password`, `auth_user`.`last_login`, `auth_user`.`is_superuser`, `auth_user`.`username`, `auth_user`.`first_name`, `auth_user`.`last_name`, `auth_user`.`email`, `auth_user`.`is_staff`, `auth_user`.`is_active`, `auth_user`.`date_joined` FROM `auth_user` WHERE `auth_user`.`id` = 1", "using": "default"}}}
{"DEBUG": {"1477073673": {"duration": "0.000", "query": "SELECT `auth_user`.`id`, `auth_user`.`password`, `auth_user`.`last_login`, `auth_user`.`is_superuser`, `auth_user`.`username`, `auth_user`.`first_name`, `auth_user`.`last_name`, `auth_user`.`email`, `auth_user`.`is_staff`, `auth_user`.`is_active`, `auth_user`.`date_joined` FROM `auth_user` WHERE `auth_user`.`id` = 1", "using": "default"}}}
{"DEBUG": {"1477074074": {"duration": "0.000", "query": "SET SQL_AUTO_IS_NULL = 0", "using": "default"}}}
{"DEBUG": {"1477074074": {"duration": "0.151", "query": "INSERT INTO `api_address` (`created`, `address`, `owner_id`) VALUES ('2016-10-21 18:21:14', 'Dhampur, Bijnor', 1)", "using": "default"}}}
{"DEBUG": {"1477074074": {"duration": "0.000", "query": "SELECT `auth_user`.`id`, `auth_user`.`password`, `auth_user`.`last_login`, `auth_user`.`is_superuser`, `auth_user`.`username`, `auth_user`.`first_name`, `auth_user`.`last_name`, `auth_user`.`email`, `auth_user`.`is_staff`, `auth_user`.`is_active`, `auth_user`.`date_joined` FROM `auth_user` WHERE `auth_user`.`id` = 1", "using": "default"}}}
{"DEBUG": {"1477074094": {"duration": "0.000", "query": "SET SQL_AUTO_IS_NULL = 0", "using": "default"}}}
{"DEBUG": {"1477074094": {"duration": "0.049", "query": "INSERT INTO `api_address` (`created`, `address`, `owner_id`) VALUES ('2016-10-21 18:21:34', 'Dhampur, Bijnor', 1)", "using": "default"}}}
{"DEBUG": {"1477074094": {"duration": "0.000", "query": "SELECT `auth_user`.`id`, `auth_user`.`password`, `auth_user`.`last_login`, `auth_user`.`is_superuser`, `auth_user`.`username`, `auth_user`.`first_name`, `auth_user`.`last_name`, `auth_user`.`email`, `auth_user`.`is_staff`, `auth_user`.`is_active`, `auth_user`.`date_joined` FROM `auth_user` WHERE `auth_user`.`id` = 1", "using": "default"}}}
{"DEBUG": {"1477074256": {"duration": "0.000", "query": "SET SQL_AUTO_IS_NULL = 0", "using": "default"}}}
{"DEBUG": {"1477074256": {"duration": "0.016", "query": "INSERT INTO `api_address` (`created`, `address`, `owner_id`) VALUES ('2016-10-21 18:24:16', 'Dhampur, Bijnor', 1)", "using": "default"}}}
{"DEBUG": {"1477074256": {"duration": "0.000", "query": "SELECT `auth_user`.`id`, `auth_user`.`password`, `auth_user`.`last_login`, `auth_user`.`is_superuser`, `auth_user`.`username`, `auth_user`.`first_name`, `auth_user`.`last_name`, `auth_user`.`email`, `auth_user`.`is_staff`, `auth_user`.`is_active`, `auth_user`.`date_joined` FROM `auth_user` WHERE `auth_user`.`id` = 1", "using": "default"}}}
{"DEBUG": {"1477074304": {"duration": "0.000", "query": "SET SQL_AUTO_IS_NULL = 0", "using": "default"}}}
{"DEBUG": {"1477074304": {"duration": "0.016", "query": "INSERT INTO `api_address` (`created`, `address`, `owner_id`) VALUES ('2016-10-21 18:25:04', 'Dhampur, Bijnor', 1)", "using": "default"}}}
{"DEBUG": {"1477074304": {"duration": "0.001", "query": "SELECT `auth_user`.`id`, `auth_user`.`password`, `auth_user`.`last_login`, `auth_user`.`is_superuser`, `auth_user`.`username`, `auth_user`.`first_name`, `auth_user`.`last_name`, `auth_user`.`email`, `auth_user`.`is_staff`, `auth_user`.`is_active`, `auth_user`.`date_joined` FROM `auth_user` WHERE `auth_user`.`id` = 1", "using": "default"}}}
{"DEBUG": {"1477075354": {"duration": "0.000", "query": "SET SQL_AUTO_IS_NULL = 0", "using": "default"}}}
{"DEBUG": {"1477075354": {"duration": "0.239", "query": "INSERT INTO `api_address` (`created`, `address`, `owner_id`) VALUES ('2016-10-21 18:42:34', 'dhampur, New Delhi', 1)", "using": "default"}}}
{"DEBUG": {"1477075354": {"duration": "0.000", "query": "SELECT `auth_user`.`id`, `auth_user`.`password`, `auth_user`.`last_login`, `auth_user`.`is_superuser`, `auth_user`.`username`, `auth_user`.`first_name`, `auth_user`.`last_name`, `auth_user`.`email`, `auth_user`.`is_staff`, `auth_user`.`is_active`, `auth_user`.`date_joined` FROM `auth_user` WHERE `auth_user`.`id` = 1", "using": "default"}}}
{"DEBUG": {"1477075417": {"duration": "0.000", "query": "SET SQL_AUTO_IS_NULL = 0", "using": "default"}}}
{"DEBUG": {"1477075417": {"duration": "0.057", "query": "INSERT INTO `api_address` (`created`, `address`, `owner_id`) VALUES ('2016-10-21 18:43:36', 'dhampur, New Delhi', 1)", "using": "default"}}}
{"DEBUG": {"1477075417": {"duration": "0.000", "query": "SELECT `auth_user`.`id`, `auth_user`.`password`, `auth_user`.`last_login`, `auth_user`.`is_superuser`, `auth_user`.`username`, `auth_user`.`first_name`, `auth_user`.`last_name`, `auth_user`.`email`, `auth_user`.`is_staff`, `auth_user`.`is_active`, `auth_user`.`date_joined` FROM `auth_user` WHERE `auth_user`.`id` = 1", "using": "default"}}}
{"DEBUG": {"1477075810": {"duration": "0.000", "query": "SET SQL_AUTO_IS_NULL = 0", "using": "default"}}}
{"DEBUG": {"1477075810": {"duration": "0.021", "query": "INSERT INTO `api_address` (`created`, `address`, `owner_id`) VALUES ('2016-10-21 18:50:10', 'dhampur, New Delhi', 1)", "using": "default"}}}
{"DEBUG": {"1477075810": {"duration": "0.000", "query": "SELECT `auth_user`.`id`, `auth_user`.`password`, `auth_user`.`last_login`, `auth_user`.`is_superuser`, `auth_user`.`username`, `auth_user`.`first_name`, `auth_user`.`last_name`, `auth_user`.`email`, `auth_user`.`is_staff`, `auth_user`.`is_active`, `auth_user`.`date_joined` FROM `auth_user` WHERE `auth_user`.`id` = 1", "using": "default"}}}
{"DEBUG": {"1477075889": {"duration": "0.000", "query": "SET SQL_AUTO_IS_NULL = 0", "using": "default"}}}
{"DEBUG": {"1477075889": {"duration": "0.015", "query": "INSERT INTO `api_address` (`created`, `address`, `owner_id`) VALUES ('2016-10-21 18:51:28', 'dhampur, New Delhi', 1)", "using": "default"}}}
{"DEBUG": {"1477075889": {"duration": "0.000", "query": "SELECT `auth_user`.`id`, `auth_user`.`password`, `auth_user`.`last_login`, `auth_user`.`is_superuser`, `auth_user`.`username`, `auth_user`.`first_name`, `auth_user`.`last_name`, `auth_user`.`email`, `auth_user`.`is_staff`, `auth_user`.`is_active`, `auth_user`.`date_joined` FROM `auth_user` WHERE `auth_user`.`id` = 1", "using": "default"}}}
{"DEBUG": {"1477075947": {"duration": "0.000", "query": "SET SQL_AUTO_IS_NULL = 0", "using": "default"}}}
{"DEBUG": {"1477075947": {"duration": "0.001", "query": "INSERT INTO `api_address` (`created`, `address`, `owner_id`) VALUES ('2016-10-21 18:52:27', 'dhampur, New Delhi', 1)", "using": "default"}}}
{"DEBUG": {"1477075947": {"duration": "0.000", "query": "SELECT `auth_user`.`id`, `auth_user`.`password`, `auth_user`.`last_login`, `auth_user`.`is_superuser`, `auth_user`.`username`, `auth_user`.`first_name`, `auth_user`.`last_name`, `auth_user`.`email`, `auth_user`.`is_staff`, `auth_user`.`is_active`, `auth_user`.`date_joined` FROM `auth_user` WHERE `auth_user`.`id` = 1", "using": "default"}}}
{"DEBUG": {"1477075968": {"duration": "0.000", "query": "SET SQL_AUTO_IS_NULL = 0", "using": "default"}}}
{"DEBUG": {"1477075968": {"duration": "0.011", "query": "INSERT INTO `api_address` (`created`, `address`, `owner_id`) VALUES ('2016-10-21 18:52:47', 'dhampur, New Delhi', 1)", "using": "default"}}}
{"DEBUG": {"1477075968": {"duration": "0.000", "query": "SELECT `auth_user`.`id`, `auth_user`.`password`, `auth_user`.`last_login`, `auth_user`.`is_superuser`, `auth_user`.`username`, `auth_user`.`first_name`, `auth_user`.`last_name`, `auth_user`.`email`, `auth_user`.`is_staff`, `auth_user`.`is_active`, `auth_user`.`date_joined` FROM `auth_user` WHERE `auth_user`.`id` = 1", "using": "default"}}}
{"DEBUG": {"1477076384": {"duration": "0.000", "query": "SET SQL_AUTO_IS_NULL = 0", "using": "default"}}}
{"DEBUG": {"1477076384": {"duration": "0.001", "query": "INSERT INTO `api_address` (`created`, `address`, `owner_id`) VALUES ('2016-10-21 18:59:44', 'dhampur, New Delhi', 1)", "using": "default"}}}
{"DEBUG": {"1477076384": {"duration": "0.000", "query": "SELECT `auth_user`.`id`, `auth_user`.`password`, `auth_user`.`last_login`, `auth_user`.`is_superuser`, `auth_user`.`username`, `auth_user`.`first_name`, `auth_user`.`last_name`, `auth_user`.`email`, `auth_user`.`is_staff`, `auth_user`.`is_active`, `auth_user`.`date_joined` FROM `auth_user` WHERE `auth_user`.`id` = 1", "using": "default"}}}
{"DEBUG": {"1477076418": {"duration": "0.000", "query": "SET SQL_AUTO_IS_NULL = 0", "using": "default"}}}
{"DEBUG": {"1477076418": {"duration": "0.011", "query": "INSERT INTO `api_address` (`created`, `address`, `owner_id`) VALUES ('2016-10-21 19:00:18', 'dhampur, New Delhi', 1)", "using": "default"}}}
{"DEBUG": {"1477076418": {"duration": "0.000", "query": "SELECT `auth_user`.`id`, `auth_user`.`password`, `auth_user`.`last_login`, `auth_user`.`is_superuser`, `auth_user`.`username`, `auth_user`.`first_name`, `auth_user`.`last_name`, `auth_user`.`email`, `auth_user`.`is_staff`, `auth_user`.`is_active`, `auth_user`.`date_joined` FROM `auth_user` WHERE `auth_user`.`id` = 1", "using": "default"}}}
{"DEBUG": {"1477076476": {"duration": "0.000", "query": "SET SQL_AUTO_IS_NULL = 0", "using": "default"}}}
{"DEBUG": {"1477076476": {"duration": "0.013", "query": "INSERT INTO `api_address` (`created`, `address`, `owner_id`) VALUES ('2016-10-21 19:01:15', 'dhampur, New Delhi', 1)", "using": "default"}}}
{"DEBUG": {"1477076476": {"duration": "0.000", "query": "SELECT `auth_user`.`id`, `auth_user`.`password`, `auth_user`.`last_login`, `auth_user`.`is_superuser`, `auth_user`.`username`, `auth_user`.`first_name`, `auth_user`.`last_name`, `auth_user`.`email`, `auth_user`.`is_staff`, `auth_user`.`is_active`, `auth_user`.`date_joined` FROM `auth_user` WHERE `auth_user`.`id` = 1", "using": "default"}}}
{"DEBUG": {"1477076507": {"duration": "0.000", "query": "SET SQL_AUTO_IS_NULL = 0", "using": "default"}}}
{"DEBUG": {"1477076507": {"duration": "0.001", "query": "INSERT INTO `api_address` (`created`, `address`, `owner_id`) VALUES ('2016-10-21 19:01:47', 'dhampur, New Delhi', 1)", "using": "default"}}}
{"DEBUG": {"1477076507": {"duration": "0.000", "query": "SELECT `auth_user`.`id`, `auth_user`.`password`, `auth_user`.`last_login`, `auth_user`.`is_superuser`, `auth_user`.`username`, `auth_user`.`first_name`, `auth_user`.`last_name`, `auth_user`.`email`, `auth_user`.`is_staff`, `auth_user`.`is_active`, `auth_user`.`date_joined` FROM `auth_user` WHERE `auth_user`.`id` = 1", "using": "default"}}}
{"DEBUG": {"1477076888": {"duration": "0.000", "query": "SET SQL_AUTO_IS_NULL = 0", "using": "default"}}}
{"DEBUG": {"1477076888": {"duration": "0.030", "query": "INSERT INTO `api_address` (`created`, `address`, `owner_id`) VALUES ('2016-10-21 19:08:08', 'dhampur, New Delhi', 1)", "using": "default"}}}
{"DEBUG": {"1477076888": {"duration": "0.000", "query": "SELECT `auth_user`.`id`, `auth_user`.`password`, `auth_user`.`last_login`, `auth_user`.`is_superuser`, `auth_user`.`username`, `auth_user`.`first_name`, `auth_user`.`last_name`, `auth_user`.`email`, `auth_user`.`is_staff`, `auth_user`.`is_active`, `auth_user`.`date_joined` FROM `auth_user` WHERE `auth_user`.`id` = 1", "using": "default"}}}
{"DEBUG": {"1477076904": {"duration": "0.000", "query": "SET SQL_AUTO_IS_NULL = 0", "using": "default"}}}
{"DEBUG": {"1477076904": {"duration": "0.001", "query": "INSERT INTO `api_address` (`created`, `address`, `owner_id`) VALUES ('2016-10-21 19:08:24', 'dhampur, New Delhi', 1)", "using": "default"}}}
{"DEBUG": {"1477076904": {"duration": "0.000", "query": "SELECT `auth_user`.`id`, `auth_user`.`password`, `auth_user`.`last_login`, `auth_user`.`is_superuser`, `auth_user`.`username`, `auth_user`.`first_name`, `auth_user`.`last_name`, `auth_user`.`email`, `auth_user`.`is_staff`, `auth_user`.`is_active`, `auth_user`.`date_joined` FROM `auth_user` WHERE `auth_user`.`id` = 1", "using": "default"}}}
{"DEBUG": {"1477076932": {"duration": "0.000", "query": "SET SQL_AUTO_IS_NULL = 0", "using": "default"}}}
{"DEBUG": {"1477076932": {"duration": "0.015", "query": "INSERT INTO `api_address` (`created`, `address`, `owner_id`) VALUES ('2016-10-21 19:08:52', 'dhampur, New Delhi', 1)", "using": "default"}}}
{"DEBUG": {"1477076932": {"duration": "0.000", "query": "SELECT `auth_user`.`id`, `auth_user`.`password`, `auth_user`.`last_login`, `auth_user`.`is_superuser`, `auth_user`.`username`, `auth_user`.`first_name`, `auth_user`.`last_name`, `auth_user`.`email`, `auth_user`.`is_staff`, `auth_user`.`is_active`, `auth_user`.`date_joined` FROM `auth_user` WHERE `auth_user`.`id` = 1", "using": "default"}}}
{"DEBUG": {"1477076937": {"duration": "0.000", "query": "SET SQL_AUTO_IS_NULL = 0", "using": "default"}}}
{"DEBUG": {"1477076937": {"duration": "0.009", "query": "INSERT INTO `api_address` (`created`, `address`, `owner_id`) VALUES ('2016-10-21 19:08:57', 'dhampur, New Delhi', 1)", "using": "default"}}}
{"DEBUG": {"1477076937": {"duration": "0.000", "query": "SELECT `auth_user`.`id`, `auth_user`.`password`, `auth_user`.`last_login`, `auth_user`.`is_superuser`, `auth_user`.`username`, `auth_user`.`first_name`, `auth_user`.`last_name`, `auth_user`.`email`, `auth_user`.`is_staff`, `auth_user`.`is_active`, `auth_user`.`date_joined` FROM `auth_user` WHERE `auth_user`.`id` = 1", "using": "default"}}}
{"DEBUG": {"1477078084": {"duration": "0.000", "query": "SET SQL_AUTO_IS_NULL = 0", "using": "default"}}}
{"DEBUG": {"1477078084": {"duration": "0.020", "query": "INSERT INTO `api_address` (`created`, `address`, `owner_id`) VALUES ('2016-10-21 19:28:04', 'dhampur, New Delhi', 1)", "using": "default"}}}
{"DEBUG": {"1477078084": {"duration": "0.000", "query": "SELECT `auth_user`.`id`, `auth_user`.`password`, `auth_user`.`last_login`, `auth_user`.`is_superuser`, `auth_user`.`username`, `auth_user`.`first_name`, `auth_user`.`last_name`, `auth_user`.`email`, `auth_user`.`is_staff`, `auth_user`.`is_active`, `auth_user`.`date_joined` FROM `auth_user` WHERE `auth_user`.`id` = 1", "using": "default"}}}
{"DEBUG": {"1477078128": {"duration": "0.000", "query": "SET SQL_AUTO_IS_NULL = 0", "using": "default"}}}
{"DEBUG": {"1477078128": {"duration": "0.011", "query": "INSERT INTO `api_address` (`created`, `address`, `owner_id`) VALUES ('2016-10-21 19:28:48', 'dhampur, New Delhi', 1)", "using": "default"}}}
{"DEBUG": {"1477078128": {"duration": "0.000", "query": "SELECT `auth_user`.`id`, `auth_user`.`password`, `auth_user`.`last_login`, `auth_user`.`is_superuser`, `auth_user`.`username`, `auth_user`.`first_name`, `auth_user`.`last_name`, `auth_user`.`email`, `auth_user`.`is_staff`, `auth_user`.`is_active`, `auth_user`.`date_joined` FROM `auth_user` WHERE `auth_user`.`id` = 1", "using": "default"}}}
{"DEBUG": {"1477078387": {"duration": "0.000", "query": "SET SQL_AUTO_IS_NULL = 0", "using": "default"}}}
{"DEBUG": {"1477078387": {"duration": "0.018", "query": "INSERT INTO `api_address` (`created`, `address`, `owner_id`) VALUES ('2016-10-21 19:33:07', 'Greater Kailash (GK) 2, New Delhi', 1)", "using": "default"}}}
{"DEBUG": {"1477078387": {"duration": "0.000", "query": "SELECT `auth_user`.`id`, `auth_user`.`password`, `auth_user`.`last_login`, `auth_user`.`is_superuser`, `auth_user`.`username`, `auth_user`.`first_name`, `auth_user`.`last_name`, `auth_user`.`email`, `auth_user`.`is_staff`, `auth_user`.`is_active`, `auth_user`.`date_joined` FROM `auth_user` WHERE `auth_user`.`id` = 1", "using": "default"}}}
{"DEBUG": {"1477079444": {"duration": "0.000", "query": "SET SQL_AUTO_IS_NULL = 0", "using": "default"}}}
{"DEBUG": {"1477079444": {"duration": "0.036", "query": "INSERT INTO `api_address` (`created`, `address`, `owner_id`) VALUES ('2016-10-21 19:50:44', 'Greater Kailash (GK) 2, New Delhi', 1)", "using": "default"}}}
{"DEBUG": {"1477079444": {"duration": "0.000", "query": "SELECT `auth_user`.`id`, `auth_user`.`password`, `auth_user`.`last_login`, `auth_user`.`is_superuser`, `auth_user`.`username`, `auth_user`.`first_name`, `auth_user`.`last_name`, `auth_user`.`email`, `auth_user`.`is_staff`, `auth_user`.`is_active`, `auth_user`.`date_joined` FROM `auth_user` WHERE `auth_user`.`id` = 1", "using": "default"}}}
{"DEBUG": {"1477079476": {"duration": "0.000", "query": "SET SQL_AUTO_IS_NULL = 0", "using": "default"}}}
{"DEBUG": {"1477079476": {"duration": "0.001", "query": "INSERT INTO `api_address` (`created`, `address`, `owner_id`) VALUES ('2016-10-21 19:51:15', 'dwarka sector 7, New Delhi', 1)", "using": "default"}}}
{"DEBUG": {"1477079476": {"duration": "0.000", "query": "SELECT `auth_user`.`id`, `auth_user`.`password`, `auth_user`.`last_login`, `auth_user`.`is_superuser`, `auth_user`.`username`, `auth_user`.`first_name`, `auth_user`.`last_name`, `auth_user`.`email`, `auth_user`.`is_staff`, `auth_user`.`is_active`, `auth_user`.`date_joined` FROM `auth_user` WHERE `auth_user`.`id` = 1", "using": "default"}}}
{"DEBUG": {"1477080598": {"duration": "0.000", "query": "SET SQL_AUTO_IS_NULL = 0", "using": "default"}}}
{"DEBUG": {"1477080598": {"duration": "0.052", "query": "INSERT INTO `api_location` (`entity_id`, `entity_type`, `created`) VALUES ('163226', 'subzone', '2016-10-21 20:09:57')", "using": "default"}}}
{"DEBUG": {"1477080598": {"duration": "0.000", "query": "SELECT `api_location`.`id`, `api_location`.`entity_id`, `api_location`.`entity_type`, `api_location`.`created` FROM `api_location` ORDER BY `api_location`.`created` ASC LIMIT 21", "using": "default"}}}
{"DEBUG": {"1477080598": {"duration": "0.000", "query": "SELECT `api_location`.`id`, `api_location`.`entity_id`, `api_location`.`entity_type`, `api_location`.`created` FROM `api_location` ORDER BY `api_location`.`created` ASC LIMIT 21", "using": "default"}}}
{"DEBUG": {"1477080789": {"duration": "0.000", "query": "SET SQL_AUTO_IS_NULL = 0", "using": "default"}}}
{"DEBUG": {"1477080789": {"duration": "0.019", "query": "INSERT INTO `api_location` (`entity_id`, `entity_type`, `created`, `owner_id`) VALUES ('490', 'subzone', '2016-10-21 20:13:09', 1)", "using": "default"}}}
{"DEBUG": {"1477080789": {"duration": "0.000", "query": "SELECT `auth_user`.`id`, `auth_user`.`password`, `auth_user`.`last_login`, `auth_user`.`is_superuser`, `auth_user`.`username`, `auth_user`.`first_name`, `auth_user`.`last_name`, `auth_user`.`email`, `auth_user`.`is_staff`, `auth_user`.`is_active`, `auth_user`.`date_joined` FROM `auth_user` WHERE `auth_user`.`id` = 1", "using": "default"}}}
{"DEBUG": {"1477080815": {"duration": "0.000", "query": "SET SQL_AUTO_IS_NULL = 0", "using": "default"}}}
{"DEBUG": {"1477080815": {"duration": "0.000", "query": "INSERT INTO `api_location` (`entity_id`, `entity_type`, `created`, `owner_id`) VALUES ('490', 'subzone', '2016-10-21 20:13:35', 1)", "using": "default"}}}
{"DEBUG": {"1477080815": {"duration": "0.000", "query": "SELECT `auth_user`.`id`, `auth_user`.`password`, `auth_user`.`last_login`, `auth_user`.`is_superuser`, `auth_user`.`username`, `auth_user`.`first_name`, `auth_user`.`last_name`, `auth_user`.`email`, `auth_user`.`is_staff`, `auth_user`.`is_active`, `auth_user`.`date_joined` FROM `auth_user` WHERE `auth_user`.`id` = 1", "using": "default"}}}
{"DEBUG": {"1477083549": {"duration": "0.000", "query": "SET SQL_AUTO_IS_NULL = 0", "using": "default"}}}
{"DEBUG": {"1477083549": {"duration": "0.420", "query": "INSERT INTO `api_location` (`entity_id`, `entity_type`, `created`, `owner_id`) VALUES ('490', 'subzone', '2016-10-21 20:59:08', 1)", "using": "default"}}}
{"DEBUG": {"1477083549": {"duration": "0.000", "query": "SELECT `auth_user`.`id`, `auth_user`.`password`, `auth_user`.`last_login`, `auth_user`.`is_superuser`, `auth_user`.`username`, `auth_user`.`first_name`, `auth_user`.`last_name`, `auth_user`.`email`, `auth_user`.`is_staff`, `auth_user`.`is_active`, `auth_user`.`date_joined` FROM `auth_user` WHERE `auth_user`.`id` = 1", "using": "default"}}}
{"DEBUG": {"1477085027": {"duration": "0.000", "query": "SET SQL_AUTO_IS_NULL = 0", "using": "default"}}}
{"DEBUG": {"1477085027": {"duration": "0.136", "query": "INSERT INTO `api_location` (`entity_id`, `entity_type`, `created`, `owner_id`) VALUES ('490', 'subzone', '2016-10-21 21:23:46', 1)", "using": "default"}}}
{"DEBUG": {"1477085027": {"duration": "0.000", "query": "SELECT `auth_user`.`id`, `auth_user`.`password`, `auth_user`.`last_login`, `auth_user`.`is_superuser`, `auth_user`.`username`, `auth_user`.`first_name`, `auth_user`.`last_name`, `auth_user`.`email`, `auth_user`.`is_staff`, `auth_user`.`is_active`, `auth_user`.`date_joined` FROM `auth_user` WHERE `auth_user`.`id` = 1", "using": "default"}}}
